<?xml version="1.0" encoding="UTF-8"?>
<testsuite name="org.carservice.CarServiceApplicationTests" tests="1" skipped="0" failures="0" errors="0" timestamp="2023-03-30T15:48:55" hostname="MacBook-Pro-de-Benoit.local" time="0.131">
  <properties/>
  <testcase name="contextLoads()" classname="org.carservice.CarServiceApplicationTests" time="0.131"/>
  <system-out><![CDATA[17:48:52.010 [Test worker] DEBUG org.springframework.boot.test.context.SpringBootTestContextBootstrapper -- Neither @ContextConfiguration nor @ContextHierarchy found for test class [CarServiceApplicationTests]: using SpringBootContextLoader
17:48:52.015 [Test worker] DEBUG org.springframework.test.context.support.AbstractContextLoader -- Could not detect default resource locations for test class [org.carservice.CarServiceApplicationTests]: no resource found for suffixes {-context.xml, Context.groovy}.
17:48:52.016 [Test worker] INFO org.springframework.test.context.support.AnnotationConfigContextLoaderUtils -- Could not detect default configuration classes for test class [org.carservice.CarServiceApplicationTests]: CarServiceApplicationTests does not declare any static, non-private, non-final, nested classes annotated with @Configuration.
17:48:52.042 [Test worker] DEBUG org.springframework.boot.test.context.SpringBootTestContextBootstrapper -- Using ContextCustomizers for test class [CarServiceApplicationTests]: [DisableObservabilityContextCustomizer, PropertyMappingContextCustomizer, Customizer, ExcludeFilterContextCustomizer, DuplicateJsonObjectContextCustomizer, MockitoContextCustomizer, TestRestTemplateContextCustomizer]
17:48:52.097 [Test worker] DEBUG org.springframework.context.annotation.ClassPathScanningCandidateComponentProvider -- Identified candidate component class: file [/Users/benoitcharroux/Desktop/rest/CarServiceRest/build/classes/java/main/org/carservice/CarServiceApplication.class]
17:48:52.099 [Test worker] INFO org.springframework.boot.test.context.SpringBootTestContextBootstrapper -- Found @SpringBootConfiguration org.carservice.CarServiceApplication for test class org.carservice.CarServiceApplicationTests
17:48:52.175 [Test worker] DEBUG org.springframework.boot.test.context.SpringBootTestContextBootstrapper -- Using TestExecutionListeners for test class [CarServiceApplicationTests]: [ServletTestExecutionListener, DirtiesContextBeforeModesTestExecutionListener, ApplicationEventsTestExecutionListener, MockitoTestExecutionListener, DependencyInjectionTestExecutionListener, DirtiesContextTestExecutionListener, TransactionalTestExecutionListener, SqlScriptsTestExecutionListener, EventPublishingTestExecutionListener, RestDocsTestExecutionListener, MockRestServiceServerResetTestExecutionListener, MockMvcPrintOnlyOnFailureTestExecutionListener, WebDriverTestExecutionListener, MockWebServiceServerTestExecutionListener, ResetMocksTestExecutionListener]
17:48:52.176 [Test worker] DEBUG org.springframework.test.context.support.AbstractDirtiesContextTestExecutionListener -- Before test class: class [CarServiceApplicationTests], class annotated with @DirtiesContext [false] with mode [null]

  .   ____          _            __ _ _
 /\\ / ___'_ __ _ _(_)_ __  __ _ \ \ \ \
( ( )\___ | '_ | '_| | '_ \/ _` | \ \ \ \
 \\/  ___)| |_)| | | | | || (_| |  ) ) ) )
  '  |____| .__|_| |_|_| |_\__, | / / / /
 =========|_|==============|___/=/_/_/_/
 :: Spring Boot ::                (v3.0.5)

2023-03-30T17:48:52.385+02:00  INFO 14502 --- [    Test worker] o.carservice.CarServiceApplicationTests  : Starting CarServiceApplicationTests using Java 17.0.5 with PID 14502 (started by benoitcharroux in /Users/benoitcharroux/Desktop/rest/CarServiceRest)
2023-03-30T17:48:52.386+02:00  INFO 14502 --- [    Test worker] o.carservice.CarServiceApplicationTests  : No active profile set, falling back to 1 default profile: "default"
2023-03-30T17:48:52.939+02:00  INFO 14502 --- [    Test worker] .s.d.r.c.RepositoryConfigurationDelegate : Bootstrapping Spring Data JPA repositories in DEFAULT mode.
2023-03-30T17:48:52.981+02:00  INFO 14502 --- [    Test worker] .s.d.r.c.RepositoryConfigurationDelegate : Finished Spring Data repository scanning in 36 ms. Found 1 JPA repository interfaces.
2023-03-30T17:48:53.278+02:00  INFO 14502 --- [    Test worker] com.zaxxer.hikari.HikariDataSource       : HikariPool-1 - Starting...
2023-03-30T17:48:53.416+02:00  INFO 14502 --- [    Test worker] com.zaxxer.hikari.pool.HikariPool        : HikariPool-1 - Added connection conn0: url=jdbc:h2:mem:c80b7f70-3201-4d0d-a073-033f28709628 user=SA
2023-03-30T17:48:53.417+02:00  INFO 14502 --- [    Test worker] com.zaxxer.hikari.HikariDataSource       : HikariPool-1 - Start completed.
2023-03-30T17:48:53.454+02:00  INFO 14502 --- [    Test worker] o.hibernate.jpa.internal.util.LogHelper  : HHH000204: Processing PersistenceUnitInfo [name: default]
2023-03-30T17:48:53.490+02:00  INFO 14502 --- [    Test worker] org.hibernate.Version                    : HHH000412: Hibernate ORM core version 6.1.7.Final
2023-03-30T17:48:53.707+02:00  INFO 14502 --- [    Test worker] SQL dialect                              : HHH000400: Using dialect: org.hibernate.dialect.H2Dialect
2023-03-30T17:48:54.261+02:00  INFO 14502 --- [    Test worker] o.h.e.t.j.p.i.JtaPlatformInitiator       : HHH000490: Using JtaPlatform implementation: [org.hibernate.engine.transaction.jta.platform.internal.NoJtaPlatform]
2023-03-30T17:48:54.267+02:00  INFO 14502 --- [    Test worker] j.LocalContainerEntityManagerFactoryBean : Initialized JPA EntityManagerFactory for persistence unit 'default'
2023-03-30T17:48:54.641+02:00  WARN 14502 --- [    Test worker] JpaBaseConfiguration$JpaWebConfiguration : spring.jpa.open-in-view is enabled by default. Therefore, database queries may be performed during view rendering. Explicitly configure spring.jpa.open-in-view to disable this warning
2023-03-30T17:48:55.433+02:00  INFO 14502 --- [    Test worker] o.s.b.a.h2.H2ConsoleAutoConfiguration    : H2 console available at '/h2-console'. Database available at 'jdbc:h2:mem:c80b7f70-3201-4d0d-a073-033f28709628'
2023-03-30T17:48:55.477+02:00  INFO 14502 --- [    Test worker] o.carservice.CarServiceApplicationTests  : Started CarServiceApplicationTests in 3.263 seconds (process running for 4.189)
]]></system-out>
  <system-err><![CDATA[]]></system-err>
</testsuite>
